<?xml version="1.0" encoding="UTF-8"?>
<testsuite name="pl.wojdylak.linkedin_task.LinkedinTaskApplicationTests" tests="1" skipped="0" failures="0" errors="0" timestamp="2024-06-11T20:25:25" hostname="wojdylakjrs-Air" time="0.544">
  <properties/>
  <testcase name="contextLoads()" classname="pl.wojdylak.linkedin_task.LinkedinTaskApplicationTests" time="0.544"/>
  <system-out><![CDATA[22:25:24.556 [Test worker] INFO org.springframework.test.context.support.AnnotationConfigContextLoaderUtils -- Could not detect default configuration classes for test class [pl.wojdylak.linkedin_task.LinkedinTaskApplicationTests]: LinkedinTaskApplicationTests does not declare any static, non-private, non-final, nested classes annotated with @Configuration.
22:25:24.613 [Test worker] INFO org.springframework.boot.test.context.SpringBootTestContextBootstrapper -- Found @SpringBootConfiguration pl.wojdylak.linkedin_task.LinkedinTaskApplication for test class pl.wojdylak.linkedin_task.LinkedinTaskApplicationTests
  .   ____          _            __ _ _
 /\\ / ___'_ __ _ _(_)_ __  __ _ \ \ \ \
( ( )\___ | '_ | '_| | '_ \/ _` | \ \ \ \
 \\/  ___)| |_)| | | | | || (_| |  ) ) ) )
  '  |____| .__|_| |_|_| |_\__, | / / / /
 =========|_|==============|___/=/_/_/_/

 :: Spring Boot ::                (v3.3.0)

2024-06-11T22:25:24.827+02:00  INFO 31587 --- [linkedin-task] [    Test worker] p.w.l.LinkedinTaskApplicationTests       : Starting LinkedinTaskApplicationTests using Java 21.0.2 with PID 31587 (started by wojdylakjr in /Users/wojdylakjr/sem3/linkedin-task)
2024-06-11T22:25:24.828+02:00  INFO 31587 --- [linkedin-task] [    Test worker] p.w.l.LinkedinTaskApplicationTests       : No active profile set, falling back to 1 default profile: "default"
2024-06-11T22:25:25.569+02:00  INFO 31587 --- [linkedin-task] [    Test worker] o.s.s.web.DefaultSecurityFilterChain     : Will secure any request with [org.springframework.security.web.session.DisableEncodeUrlFilter@1e1237ab, org.springframework.security.web.context.request.async.WebAsyncManagerIntegrationFilter@4dfdfe7d, org.springframework.security.web.context.SecurityContextHolderFilter@5f025000, org.springframework.security.web.header.HeaderWriterFilter@149c39b, org.springframework.web.filter.CorsFilter@1578b8ec, org.springframework.security.web.csrf.CsrfFilter@1d15c0a1, org.springframework.security.web.authentication.logout.LogoutFilter@6f1c3f18, org.springframework.security.web.authentication.UsernamePasswordAuthenticationFilter@2a140ce5, org.springframework.security.web.authentication.ui.DefaultLoginPageGeneratingFilter@549ac12c, org.springframework.security.web.authentication.ui.DefaultLogoutPageGeneratingFilter@f613067, org.springframework.security.web.authentication.www.BasicAuthenticationFilter@88b76f2, org.springframework.security.web.savedrequest.RequestCacheAwareFilter@739e8b96, org.springframework.security.web.servletapi.SecurityContextHolderAwareRequestFilter@54ffa561, org.springframework.security.web.authentication.AnonymousAuthenticationFilter@c1e14f, org.springframework.security.web.access.ExceptionTranslationFilter@6acffb2d, org.springframework.security.web.access.intercept.AuthorizationFilter@1d3c112a]
2024-06-11T22:25:25.607+02:00  INFO 31587 --- [linkedin-task] [    Test worker] p.w.l.LinkedinTaskApplicationTests       : Started LinkedinTaskApplicationTests in 0.912 seconds (process running for 1.602)
]]></system-out>
  <system-err><![CDATA[WARNING: A Java agent has been loaded dynamically (/Users/wojdylakjr/.gradle/caches/modules-2/files-2.1/net.bytebuddy/byte-buddy-agent/1.14.16/4a451ee6484abac3a498df0f3b33ed00a6fced4d/byte-buddy-agent-1.14.16.jar)
WARNING: If a serviceability tool is in use, please run with -XX:+EnableDynamicAgentLoading to hide this warning
WARNING: If a serviceability tool is not in use, please run with -Djdk.instrument.traceUsage for more information
WARNING: Dynamic loading of agents will be disallowed by default in a future release
]]></system-err>
</testsuite>
